\BOOKMARK [0][-]{chapter.1}{Introducci\363n}{}
\BOOKMARK [1][-]{section.1.1}{Definici\363n del problema}{chapter.1}
\BOOKMARK [1][-]{section.1.2}{Decisiones de dise\361o}{chapter.1}
\BOOKMARK [2][-]{subsection.1.2.1}{Temporizador}{section.1.2}
\BOOKMARK [2][-]{subsection.1.2.2}{M\351todo de b\372squeda}{section.1.2}
\BOOKMARK [2][-]{subsection.1.2.3}{Control de estados repetidos}{section.1.2}
\BOOKMARK [1][-]{section.1.3}{Estructuras de datos}{chapter.1}
\BOOKMARK [2][-]{subsection.1.3.1}{Clase Casilla}{section.1.3}
\BOOKMARK [2][-]{subsection.1.3.2}{Clase Tablero}{section.1.3}
\BOOKMARK [2][-]{subsection.1.3.3}{Clase Jugador}{section.1.3}
\BOOKMARK [2][-]{subsection.1.3.4}{Clase Equipo}{section.1.3}
\BOOKMARK [2][-]{subsection.1.3.5}{Clase Estado}{section.1.3}
\BOOKMARK [2][-]{subsection.1.3.6}{Clase Nodo}{section.1.3}
\BOOKMARK [2][-]{subsection.1.3.7}{Clase Minimax}{section.1.3}
\BOOKMARK [0][-]{chapter.2}{Soluciones Te\363ricas}{}
\BOOKMARK [1][-]{section.2.1}{Conceptos b\341sicos}{chapter.2}
\BOOKMARK [1][-]{section.2.2}{Algoritmo Minimax}{chapter.2}
\BOOKMARK [1][-]{section.2.3}{Poda Alfa-Beta}{chapter.2}
\BOOKMARK [1][-]{section.2.4}{Heuristicas Dise\361adas}{chapter.2}
\BOOKMARK [2][-]{subsection.2.4.1}{Algoritmo WayTracking}{section.2.4}
\BOOKMARK [2][-]{subsection.2.4.2}{Primera aproximaci\363n}{section.2.4}
\BOOKMARK [2][-]{subsection.2.4.3}{Segunda aproximaci\363n}{section.2.4}
\BOOKMARK [2][-]{subsection.2.4.4}{Tercera aproximaci\363n}{section.2.4}
\BOOKMARK [2][-]{subsection.2.4.5}{Cuarta aproximacion}{section.2.4}
\BOOKMARK [2][-]{subsection.2.4.6}{Heur\355stica final}{section.2.4}
\BOOKMARK [0][-]{chapter.3}{Pruebas}{}
\BOOKMARK [1][-]{section.3.1}{Detecci\363n de estados repetidos}{chapter.3}
\BOOKMARK [1][-]{section.3.2}{Resultados pr\341cticos}{chapter.3}
\BOOKMARK [2][-]{subsection.3.2.1}{Primera iteraci\363n}{section.3.2}
\BOOKMARK [2][-]{subsection.3.2.2}{Segunda iteraci\363n}{section.3.2}
\BOOKMARK [2][-]{subsection.3.2.3}{Tercera iteraci\363n}{section.3.2}
\BOOKMARK [2][-]{subsection.3.2.4}{Cuarta iteraci\363n}{section.3.2}
\BOOKMARK [0][-]{chapter.4}{Manual de Usuario}{}
\BOOKMARK [1][-]{section.4.1}{Organizaci\363n de directorios}{chapter.4}
\BOOKMARK [1][-]{section.4.2}{Instalaci\363n}{chapter.4}
\BOOKMARK [1][-]{section.4.3}{Ejecuci\363n}{chapter.4}
\BOOKMARK [0][-]{chapter.5}{Conclusiones}{}
\BOOKMARK [0][-]{chapter.6}{C\363digo Fuente}{}
\BOOKMARK [1][-]{section.6.1}{Variables Globales}{chapter.6}
\BOOKMARK [1][-]{section.6.2}{Constantes}{chapter.6}
\BOOKMARK [1][-]{section.6.3}{Clase Casilla}{chapter.6}
\BOOKMARK [1][-]{section.6.4}{Clase Jugador}{chapter.6}
\BOOKMARK [1][-]{section.6.5}{Clase Equipo}{chapter.6}
\BOOKMARK [1][-]{section.6.6}{Clase Tablero}{chapter.6}
\BOOKMARK [1][-]{section.6.7}{Clase Estado}{chapter.6}
\BOOKMARK [1][-]{section.6.8}{Clase Nodo}{chapter.6}
\BOOKMARK [1][-]{section.6.9}{Clase Minimax}{chapter.6}
\BOOKMARK [1][-]{section.6.10}{Clase Cliente}{chapter.6}
\BOOKMARK [0][-]{section*.4}{Bibliograf\355a}{}
